Build started 16/10/2013 8:45:15 PM.
     1>Project "C:\Users\quanb_000\Documents\Projects\quanbenSoft\MuServer\CodecLibs\lame-3.99.5\vc_solution\vc9_lame_mp3rtp.vcxproj" on node 4 (Build target(s)).
     1>ClCompile:
         C:\Program Files (x86)\Microsoft Visual Studio 11.0\VC\bin\CL.exe /c /I../ /I../mpglib /I../libmp3lame /I../include /Zi /nologo /W4 /WX- /Od /Oy- /D _DEBUG /D WIN32 /D _WIN32 /D _CONSOLE /D _WINDOWS /D HAVE_MPGLIB /D HAVE_CONFIG_H /D TAKEHIRO_IEEE754_HACK /D _CRT_SECURE_NO_WARNINGS /D _CRT_SECURE_NO_DEPRECATED /GF /Gm- /EHsc /MTd /GS /Gy /fp:precise /Zc:wchar_t /Zc:forScope /Fo"C:\Users\quanb_000\Documents\Projects\quanbenSoft\MuServer\CodecLibs\lame-3.99.5\vc_solution\..\obj\Debug\app mp3rtp\\" /Fd"C:\Users\quanb_000\Documents\Projects\quanbenSoft\MuServer\CodecLibs\lame-3.99.5\vc_solution\..\obj\Debug\app mp3rtp\vc110.pdb" /FR"C:\Users\quanb_000\Documents\Projects\quanbenSoft\MuServer\CodecLibs\lame-3.99.5\vc_solution\..\obj\Debug\app mp3rtp\\" /Gd /TC /wd4995 /wd4996 /analyze- /errorReport:prompt ..\frontend\brhist.c ..\frontend\console.c ..\frontend\get_audio.c ..\frontend\lametime.c ..\frontend\main.c ..\frontend\mp3rtp.c ..\frontend\parse.c ..\frontend\rtp.c ..\frontend\timestatus.c
         brhist.c
         console.c
         get_audio.c
         lametime.c
         main.c
         mp3rtp.c
         parse.c
         rtp.c
         timestatus.c
         Generating Code...
       ResourceCompile:
         C:\Program Files (x86)\Windows Kits\8.0\bin\x86\rc.exe /D _DEBUG /D "_APP=app mp3rtp.exe" /l"0x0409" /nologo /fo"C:\Users\quanb_000\Documents\Projects\quanbenSoft\MuServer\CodecLibs\lame-3.99.5\vc_solution\..\obj\Debug\app mp3rtp\lame.res" ..\libmp3lame\lame.rc 
     1>C:\Program Files (x86)\MSBuild\Microsoft.Cpp\v4.0\V110\Microsoft.CppBuild.targets(1137,5): warning MSB8012: TargetPath(C:\Users\quanb_000\Documents\Projects\quanbenSoft\MuServer\CodecLibs\lame-3.99.5\vc_solution\..\output\Debug\app mp3rtp.exe) does not match the Linker's OutputFile property value (C:\Users\quanb_000\Documents\Projects\quanbenSoft\MuServer\CodecLibs\lame-3.99.5\output\Debug\mp3rtp.exe). This may cause your project to build incorrectly. To correct this, please make sure that $(OutDir), $(TargetName) and $(TargetExt) property values match the value specified in %(Link.OutputFile).
     1>C:\Program Files (x86)\MSBuild\Microsoft.Cpp\v4.0\V110\Microsoft.CppBuild.targets(1139,5): warning MSB8012: TargetName(app mp3rtp) does not match the Linker's OutputFile property value (mp3rtp). This may cause your project to build incorrectly. To correct this, please make sure that $(OutDir), $(TargetName) and $(TargetExt) property values match the value specified in %(Link.OutputFile).
       Link:
         C:\Program Files (x86)\Microsoft Visual Studio 11.0\VC\bin\link.exe /ERRORREPORT:PROMPT /OUT:"C:\Users\quanb_000\Documents\Projects\quanbenSoft\MuServer\CodecLibs\lame-3.99.5\vc_solution\..\output\Debug\mp3rtp.exe" /INCREMENTAL:NO /NOLOGO /LIBPATH:"C:\Users\quanb_000\Documents\Projects\quanbenSoft\MuServer\CodecLibs\lame-3.99.5\vc_solution\..\output\Debug\\" wsock32.lib kernel32.lib user32.lib gdi32.lib winspool.lib comdlg32.lib advapi32.lib shell32.lib ole32.lib oleaut32.lib uuid.lib odbc32.lib odbccp32.lib /MANIFEST /MANIFESTUAC:"level='asInvoker' uiAccess='false'" /manifest:embed /DEBUG /PDB:"C:\Users\quanb_000\Documents\Projects\quanbenSoft\MuServer\CodecLibs\lame-3.99.5\vc_solution\..\output\Debug\app mp3rtp.pdb" /SUBSYSTEM:CONSOLE /OPT:REF /TLBID:1 /DYNAMICBASE /NXCOMPAT /IMPLIB:"C:\Users\quanb_000\Documents\Projects\quanbenSoft\MuServer\CodecLibs\lame-3.99.5\vc_solution\..\output\Debug\app mp3rtp.lib" /MACHINE:X86 /SAFESEH "C:\Users\quanb_000\Documents\Projects\quanbenSoft\MuServer\CodecLibs\lame-3.99.5\vc_solution\..\obj\Debug\app mp3rtp\lame.res"
         "C:\Users\quanb_000\Documents\Projects\quanbenSoft\MuServer\CodecLibs\lame-3.99.5\vc_solution\..\obj\Debug\app mp3rtp\brhist.obj"
         "C:\Users\quanb_000\Documents\Projects\quanbenSoft\MuServer\CodecLibs\lame-3.99.5\vc_solution\..\obj\Debug\app mp3rtp\console.obj"
         "C:\Users\quanb_000\Documents\Projects\quanbenSoft\MuServer\CodecLibs\lame-3.99.5\vc_solution\..\obj\Debug\app mp3rtp\get_audio.obj"
         "C:\Users\quanb_000\Documents\Projects\quanbenSoft\MuServer\CodecLibs\lame-3.99.5\vc_solution\..\obj\Debug\app mp3rtp\lametime.obj"
         "C:\Users\quanb_000\Documents\Projects\quanbenSoft\MuServer\CodecLibs\lame-3.99.5\vc_solution\..\obj\Debug\app mp3rtp\main.obj"
         "C:\Users\quanb_000\Documents\Projects\quanbenSoft\MuServer\CodecLibs\lame-3.99.5\vc_solution\..\obj\Debug\app mp3rtp\mp3rtp.obj"
         "C:\Users\quanb_000\Documents\Projects\quanbenSoft\MuServer\CodecLibs\lame-3.99.5\vc_solution\..\obj\Debug\app mp3rtp\parse.obj"
         "C:\Users\quanb_000\Documents\Projects\quanbenSoft\MuServer\CodecLibs\lame-3.99.5\vc_solution\..\obj\Debug\app mp3rtp\rtp.obj"
         "C:\Users\quanb_000\Documents\Projects\quanbenSoft\MuServer\CodecLibs\lame-3.99.5\vc_solution\..\obj\Debug\app mp3rtp\timestatus.obj"
         "C:\Users\quanb_000\Documents\Projects\quanbenSoft\MuServer\CodecLibs\lame-3.99.5\output\Debug\libmpghip-static.lib"
         "C:\Users\quanb_000\Documents\Projects\quanbenSoft\MuServer\CodecLibs\lame-3.99.5\output\Debug\libmp3lame-static.lib"
         vc9_lame_mp3rtp.vcxproj -> C:\Users\quanb_000\Documents\Projects\quanbenSoft\MuServer\CodecLibs\lame-3.99.5\vc_solution\..\output\Debug\app mp3rtp.exe
       BscMake:
         C:\Program Files (x86)\Microsoft Visual Studio 11.0\VC\bin\bscmake.exe /nologo /o"C:\Users\quanb_000\Documents\Projects\quanbenSoft\MuServer\CodecLibs\lame-3.99.5\vc_solution\..\obj\Debug\app mp3rtp\app mp3rtp.bsc" "C:\Users\quanb_000\Documents\Projects\quanbenSoft\MuServer\CodecLibs\lame-3.99.5\vc_solution\..\obj\Debug\app mp3rtp\brhist.sbr" "C:\Users\quanb_000\Documents\Projects\quanbenSoft\MuServer\CodecLibs\lame-3.99.5\vc_solution\..\obj\Debug\app mp3rtp\console.sbr" "C:\Users\quanb_000\Documents\Projects\quanbenSoft\MuServer\CodecLibs\lame-3.99.5\vc_solution\..\obj\Debug\app mp3rtp\get_audio.sbr" "C:\Users\quanb_000\Documents\Projects\quanbenSoft\MuServer\CodecLibs\lame-3.99.5\vc_solution\..\obj\Debug\app mp3rtp\lametime.sbr" "C:\Users\quanb_000\Documents\Projects\quanbenSoft\MuServer\CodecLibs\lame-3.99.5\vc_solution\..\obj\Debug\app mp3rtp\main.sbr" "C:\Users\quanb_000\Documents\Projects\quanbenSoft\MuServer\CodecLibs\lame-3.99.5\vc_solution\..\obj\Debug\app mp3rtp\mp3rtp.sbr" "C:\Users\quanb_000\Documents\Projects\quanbenSoft\MuServer\CodecLibs\lame-3.99.5\vc_solution\..\obj\Debug\app mp3rtp\parse.sbr" "C:\Users\quanb_000\Documents\Projects\quanbenSoft\MuServer\CodecLibs\lame-3.99.5\vc_solution\..\obj\Debug\app mp3rtp\rtp.sbr" "C:\Users\quanb_000\Documents\Projects\quanbenSoft\MuServer\CodecLibs\lame-3.99.5\vc_solution\..\obj\Debug\app mp3rtp\timestatus.sbr"
     1>Done Building Project "C:\Users\quanb_000\Documents\Projects\quanbenSoft\MuServer\CodecLibs\lame-3.99.5\vc_solution\vc9_lame_mp3rtp.vcxproj" (Build target(s)).

Build succeeded.

Time Elapsed 00:00:24.82
